<?xml version="1.0" encoding="UTF-8"?>
<!-- Generated by org.testng.reporters.JUnitReportReporter -->
<testsuite hostname="LAPTOP-KLN5B24I" failures="0" tests="1" name="scripts.TestCase4" time="80.187" errors="0" timestamp="2022-04-01T19:59:13 IST" skipped="0">
  <testcase classname="scripts.TestCase4" name="searchTrains" time="80.187"/>
  <system-out/>
</testsuite> <!-- scripts.TestCase4 -->
